<?xml version="1.0" encoding="UTF-8"?>
<!-- Generated by org.testng.reporters.JUnitReportReporter -->
<testsuite hostname="DESKTOP-3TOEQIK" name="org.qsp.test.Booking" tests="1" failures="0" timestamp="23 Dec 2020 06:13:29 GMT" time="39.815" errors="0">
  <testcase name="Tc_01" time="39.815" classname="org.qsp.test.Booking"/>
</testsuite> <!-- org.qsp.test.Booking -->
